<?xml version="1.0" encoding="utf-8"?><testsuites name="pytest tests"><testsuite name="pytest" errors="0" failures="1" skipped="0" tests="21" time="1.973" timestamp="2026-02-02T00:21:35.797971+00:00" hostname="agent-env-23d12031-f885-493a-9e49-528910dfe438"><testcase classname="backend.tests.test_teams_audit.TestAuth" name="test_auth_register" time="0.332" /><testcase classname="backend.tests.test_teams_audit.TestAuth" name="test_auth_login" time="0.533" /><testcase classname="backend.tests.test_teams_audit.TestAuth" name="test_auth_login_invalid" time="0.040" /><testcase classname="backend.tests.test_teams_audit.TestTeamCRUD" name="test_create_team" time="0.027" /><testcase classname="backend.tests.test_teams_audit.TestTeamCRUD" name="test_get_teams" time="0.024" /><testcase classname="backend.tests.test_teams_audit.TestTeamCRUD" name="test_get_team_details" time="0.026" /><testcase classname="backend.tests.test_teams_audit.TestTeamCRUD" name="test_update_team" time="0.035" /><testcase classname="backend.tests.test_teams_audit.TestTeamCRUD" name="test_delete_team" time="0.079" /><testcase classname="backend.tests.test_teams_audit.TestTeamCRUD" name="test_team_access_denied_non_member" time="0.318" /><testcase classname="backend.tests.test_teams_audit.TestTeamInvitations" name="test_invite_member_to_team" time="0.036"><failure message="AssertionError: assert 'invitation_token' in {'id': '64cd58fa-bef0-4723-a0c2-aabf4df2e132', 'message': 'Invitation envoyée avec succès', 'token': 'a5853356-c91d-4541-9703-9f80501ec6fa'}">backend/tests/test_teams_audit.py:269: in test_invite_member_to_team
    assert 'invitation_token' in data
E   AssertionError: assert 'invitation_token' in {'id': '64cd58fa-bef0-4723-a0c2-aabf4df2e132', 'message': 'Invitation envoyée avec succès', 'token': 'a5853356-c91d-4541-9703-9f80501ec6fa'}</failure></testcase><testcase classname="backend.tests.test_teams_audit.TestTeamInvitations" name="test_invite_with_different_roles" time="0.090" /><testcase classname="backend.tests.test_teams_audit.TestTeamInvitations" name="test_get_team_invitations" time="0.036" /><testcase classname="backend.tests.test_teams_audit.TestAuditLogs" name="test_audit_log_on_property_create" time="0.026" /><testcase classname="backend.tests.test_teams_audit.TestAuditLogs" name="test_audit_log_on_property_update" time="0.072" /><testcase classname="backend.tests.test_teams_audit.TestAuditLogs" name="test_audit_log_on_property_delete" time="0.034" /><testcase classname="backend.tests.test_teams_audit.TestAuditLogs" name="test_audit_log_on_tenant_crud" time="0.028" /><testcase classname="backend.tests.test_teams_audit.TestAuditLogs" name="test_audit_log_on_team_create" time="0.021" /><testcase classname="backend.tests.test_teams_audit.TestAuditLogs" name="test_get_audit_logs_all" time="0.012" /><testcase classname="backend.tests.test_teams_audit.TestAuditLogs" name="test_get_audit_logs_filtered_by_entity_type" time="0.024" /><testcase classname="backend.tests.test_teams_audit.TestAuditLogs" name="test_get_entity_history" time="0.045" /><testcase classname="backend.tests.test_teams_audit.TestAuditLogs" name="test_audit_log_structure" time="0.021" /></testsuite></testsuites>