<?xml version="1.0" encoding="utf-8"?><testsuites name="pytest tests"><testsuite name="pytest" errors="0" failures="0" skipped="0" tests="21" time="2.250" timestamp="2026-02-02T00:21:49.532698+00:00" hostname="agent-env-23d12031-f885-493a-9e49-528910dfe438"><testcase classname="backend.tests.test_teams_audit.TestAuth" name="test_auth_register" time="0.315" /><testcase classname="backend.tests.test_teams_audit.TestAuth" name="test_auth_login" time="0.526" /><testcase classname="backend.tests.test_teams_audit.TestAuth" name="test_auth_login_invalid" time="0.049" /><testcase classname="backend.tests.test_teams_audit.TestTeamCRUD" name="test_create_team" time="0.026" /><testcase classname="backend.tests.test_teams_audit.TestTeamCRUD" name="test_get_teams" time="0.107" /><testcase classname="backend.tests.test_teams_audit.TestTeamCRUD" name="test_get_team_details" time="0.025" /><testcase classname="backend.tests.test_teams_audit.TestTeamCRUD" name="test_update_team" time="0.077" /><testcase classname="backend.tests.test_teams_audit.TestTeamCRUD" name="test_delete_team" time="0.073" /><testcase classname="backend.tests.test_teams_audit.TestTeamCRUD" name="test_team_access_denied_non_member" time="0.316" /><testcase classname="backend.tests.test_teams_audit.TestTeamInvitations" name="test_invite_member_to_team" time="0.025" /><testcase classname="backend.tests.test_teams_audit.TestTeamInvitations" name="test_invite_with_different_roles" time="0.132" /><testcase classname="backend.tests.test_teams_audit.TestTeamInvitations" name="test_get_team_invitations" time="0.076" /><testcase classname="backend.tests.test_teams_audit.TestAuditLogs" name="test_audit_log_on_property_create" time="0.062" /><testcase classname="backend.tests.test_teams_audit.TestAuditLogs" name="test_audit_log_on_property_update" time="0.031" /><testcase classname="backend.tests.test_teams_audit.TestAuditLogs" name="test_audit_log_on_property_delete" time="0.073" /><testcase classname="backend.tests.test_teams_audit.TestAuditLogs" name="test_audit_log_on_tenant_crud" time="0.063" /><testcase classname="backend.tests.test_teams_audit.TestAuditLogs" name="test_audit_log_on_team_create" time="0.063" /><testcase classname="backend.tests.test_teams_audit.TestAuditLogs" name="test_get_audit_logs_all" time="0.010" /><testcase classname="backend.tests.test_teams_audit.TestAuditLogs" name="test_get_audit_logs_filtered_by_entity_type" time="0.021" /><testcase classname="backend.tests.test_teams_audit.TestAuditLogs" name="test_get_entity_history" time="0.073" /><testcase classname="backend.tests.test_teams_audit.TestAuditLogs" name="test_audit_log_structure" time="0.020" /></testsuite></testsuites>